<?xml version="1.0" encoding="UTF-8"?>
<!-- Generated by org.testng.reporters.JUnitReportReporter -->
<testsuite skipped="0" hostname="DESKTOP-QEGKNPH" name="com.carwale.testscripts.Scenario1_StoreRnaultKigerSUVPriceVariants" tests="1" failures="0" timestamp="2021-03-31T21:26:59 IST" time="53.455" errors="0">
  <testcase name="TC_01_NavigatetoHomePage" time="53.455" classname="com.carwale.testscripts.Scenario1_StoreRnaultKigerSUVPriceVariants"/>
  <system-out>
You are Succesfully Navigate to :New Cars in India 2021 | New Car Information | Best New Cars - CarWale You are Navigate to :Best Compact SUVs in India - March 2021 | Top Compact SUVs - CarWale You are on RenaultKiger Page : Renault Kiger Price (March Offers!) - Images, Colours & Reviews - CarWale Scenario 01 passed:   </system-out>
</testsuite> <!-- com.carwale.testscripts.Scenario1_StoreRnaultKigerSUVPriceVariants -->
